#
# A fatal error has been detected by the Java Runtime Environment:
#
#  EXCEPTION_ACCESS_VIOLATION (0xc0000005) at pc=0x00000000559682b5, pid=12724, tid=180
#
# JRE version: Java(TM) SE Runtime Environment (8.0_45-b14) (build 1.8.0_45-b14)
# Java VM: Java HotSpot(TM) 64-Bit Server VM (25.45-b02 mixed mode windows-amd64 compressed oops)
# Problematic frame:
# V  [jvm.dll+0x1282b5]
#
# Failed to write core dump. Minidumps are not enabled by default on client versions of Windows
#
# If you would like to submit a bug report, please visit:
#   http://bugreport.java.com/bugreport/crash.jsp
#

---------------  T H R E A D  ---------------

Current thread (0x000000001b07a800):  JavaThread "JDWP Transport Listener: dt_socket" daemon [_thread_in_vm, id=180, stack(0x0000000003060000,0x0000000003160000)]

siginfo: ExceptionCode=0xc0000005, reading address 0xffffffffffffffff

Registers:
RAX=0x000000000315f701, RBX=0x000000001b07a800, RCX=0x6178652f6d6f634c, RDX=0x0000000000000000
RSP=0x000000000315f760, RBP=0x6178652f6d6f634c, RSI=0x000000000315f878, RDI=0x00000000028de2c0
R8 =0x000000001b07a800, R9 =0x000000000000ff00, R10=0x0000000000000000, R11=0x000000000315f990
R12=0x0000000000000000, R13=0x000000001b0850a8, R14=0x0000000000000000, R15=0x0000000000000000
RIP=0x00000000559682b5, EFLAGS=0x0000000000010202

Top of Stack: (sp=0x000000000315f760)
0x000000000315f760:   0000000020b29af8 000000001b07a800
0x000000000315f770:   0000000000000005 00000000559e955f
0x000000000315f780:   000000001b07a800 0000000055b8903d
0x000000000315f790:   000000010013ae18 00000000551a0c18
0x000000000315f7a0:   000000001b07a800 000000001b080d50
0x000000000315f7b0:   000000001b07a800 0000000000000000
0x000000000315f7c0:   0000000000000000 0000000000000000
0x000000000315f7d0:   6178652f6d6f634c 00000000551a1a15
0x000000000315f7e0:   000000000315f878 000000000315f850
0x000000000315f7f0:   0000000000000001 0000000082562df0
0x000000000315f800:   6178652f6d6f634c 00000000551853b3
0x000000000315f810:   000000000315f940 000000001b0850a8
0x000000000315f820:   0000000000000000 000000005519928e
0x000000000315f830:   000000000315f910 0000000000000000
0x000000000315f840:   0000000000000000 0000000000000000
0x000000000315f850:   0000000000000001 0000000055185571 

Instructions: (pc=0x00000000559682b5)
0x0000000055968295:   cc cc cc cc cc cc cc cc cc cc cc 48 83 ec 28 48
0x00000000559682a5:   85 c9 75 07 33 c0 48 83 c4 28 c3 48 89 5c 24 20
0x00000000559682b5:   48 8b 19 48 85 db 74 20 48 83 fb 37 74 1a 48 8b
0x00000000559682c5:   13 48 8b cb ff 52 10 84 c0 74 0d 48 8b c3 48 8b 


Register to memory mapping:

RAX=0x000000000315f701 is pointing into the stack for thread: 0x000000001b07a800
RBX=0x000000001b07a800 is a thread
RCX=0x6178652f6d6f634c is an unknown value
RDX=0x0000000000000000 is an unknown value
RSP=0x000000000315f760 is pointing into the stack for thread: 0x000000001b07a800
RBP=0x6178652f6d6f634c is an unknown value
RSI=0x000000000315f878 is pointing into the stack for thread: 0x000000001b07a800
RDI=0x00000000028de2c0 is an unknown value
R8 =0x000000001b07a800 is a thread
R9 =0x000000000000ff00 is an unknown value
R10=0x0000000000000000 is an unknown value
R11=0x000000000315f990 is pointing into the stack for thread: 0x000000001b07a800
R12=0x0000000000000000 is an unknown value
R13=0x000000001b0850a8 is an unknown value
R14=0x0000000000000000 is an unknown value
R15=0x0000000000000000 is an unknown value


Stack: [0x0000000003060000,0x0000000003160000],  sp=0x000000000315f760,  free space=1021k
Native frames: (J=compiled Java code, j=interpreted, Vv=VM code, C=native code)
V  [jvm.dll+0x1282b5]
V  [jvm.dll+0x34903d]
C  [jdwp.dll+0x21a15]
C  [jdwp.dll+0x53b3]
C  [jdwp.dll+0x5571]
C  [jdwp.dll+0xf0a8]
C  [jdwp.dll+0x1f2d5]
C  [jdwp.dll+0x1f4aa]
V  [jvm.dll+0x1bae98]
V  [jvm.dll+0x241984]
V  [jvm.dll+0x29853a]
C  [msvcr100.dll+0x21d9f]
C  [msvcr100.dll+0x21e3b]
C  [KERNEL32.DLL+0x13dc4]
C  [ntdll.dll+0x73691]


---------------  P R O C E S S  ---------------

Java Threads: ( => current thread )
  0x0000000003ed6800 JavaThread "Thread-7" [_thread_in_native, id=17200, stack(0x0000000021f90000,0x0000000022090000)]
  0x0000000003ed7000 JavaThread "DestroyJavaVM" [_thread_blocked, id=15540, stack(0x0000000002a00000,0x0000000002b00000)]
  0x0000000003ecf000 JavaThread "http-nio-8081-Acceptor-0" daemon [_thread_in_native, id=16592, stack(0x0000000020890000,0x0000000020990000)]
  0x0000000003ed5800 JavaThread "http-nio-8081-ClientPoller-1" daemon [_thread_in_native, id=4492, stack(0x0000000020790000,0x0000000020890000)]
  0x0000000003ed4000 JavaThread "http-nio-8081-ClientPoller-0" daemon [_thread_in_native, id=6436, stack(0x0000000020690000,0x0000000020790000)]
  0x0000000003ece000 JavaThread "http-nio-8081-exec-10" daemon [_thread_blocked, id=12436, stack(0x0000000020590000,0x0000000020690000)]
  0x0000000003ed3800 JavaThread "http-nio-8081-exec-9" daemon [_thread_blocked, id=9940, stack(0x0000000020490000,0x0000000020590000)]
  0x0000000003ed0800 JavaThread "http-nio-8081-exec-8" daemon [_thread_blocked, id=1476, stack(0x0000000020390000,0x0000000020490000)]
  0x0000000003ed2000 JavaThread "http-nio-8081-exec-7" daemon [_thread_blocked, id=4860, stack(0x0000000020290000,0x0000000020390000)]
  0x0000000003ed2800 JavaThread "http-nio-8081-exec-6" daemon [_thread_blocked, id=5400, stack(0x0000000020190000,0x0000000020290000)]
  0x0000000003ed5000 JavaThread "http-nio-8081-exec-5" daemon [_thread_blocked, id=10968, stack(0x0000000020090000,0x0000000020190000)]
  0x0000000003ecc800 JavaThread "http-nio-8081-exec-4" daemon [_thread_blocked, id=16880, stack(0x000000001ff90000,0x0000000020090000)]
  0x0000000003ecf800 JavaThread "http-nio-8081-exec-3" daemon [_thread_blocked, id=7948, stack(0x000000001fe90000,0x000000001ff90000)]
  0x0000000003ed1000 JavaThread "http-nio-8081-exec-2" daemon [_thread_blocked, id=9864, stack(0x000000001fd90000,0x000000001fe90000)]
  0x0000000003ecd800 JavaThread "http-nio-8081-exec-1" daemon [_thread_blocked, id=16240, stack(0x000000001fc90000,0x000000001fd90000)]
  0x0000000005437800 JavaThread "NioBlockingSelector.BlockPoller-1" daemon [_thread_in_native, id=17372, stack(0x000000001fb90000,0x000000001fc90000)]
  0x000000000543a800 JavaThread "Live Reload Server" daemon [_thread_in_native, id=16068, stack(0x000000001f590000,0x000000001f690000)]
  0x0000000003ec9800 JavaThread "container-0" [_thread_blocked, id=6696, stack(0x000000001d7c0000,0x000000001d8c0000)]
  0x0000000003ec9000 JavaThread "Catalina-utility-2" [_thread_blocked, id=13652, stack(0x000000001d6c0000,0x000000001d7c0000)]
  0x0000000003ec8000 JavaThread "Catalina-utility-1" [_thread_blocked, id=11896, stack(0x000000001d5c0000,0x000000001d6c0000)]
  0x0000000003d00800 JavaThread "RMI TCP Accept-0" daemon [_thread_in_native, id=13932, stack(0x0000000004660000,0x0000000004760000)]
  0x0000000003cf4800 JavaThread "RMI TCP Accept-62529" daemon [_thread_in_native, id=8840, stack(0x0000000004560000,0x0000000004660000)]
  0x0000000003ce7800 JavaThread "RMI TCP Accept-0" daemon [_thread_in_native, id=14232, stack(0x0000000004460000,0x0000000004560000)]
  0x00000000036b3000 JavaThread "Service Thread" daemon [_thread_blocked, id=10532, stack(0x0000000003a60000,0x0000000003b60000)]
  0x000000001b0a3000 JavaThread "C1 CompilerThread2" daemon [_thread_blocked, id=16168, stack(0x0000000003560000,0x0000000003660000)]
  0x000000001b09e000 JavaThread "C2 CompilerThread1" daemon [_thread_blocked, id=9860, stack(0x0000000003460000,0x0000000003560000)]
  0x000000001b099000 JavaThread "C2 CompilerThread0" daemon [_thread_blocked, id=2332, stack(0x0000000003360000,0x0000000003460000)]
  0x000000001b08e000 JavaThread "JDWP Command Reader" daemon [_thread_in_native, id=9844, stack(0x0000000003260000,0x0000000003360000)]
  0x000000001b08a800 JavaThread "JDWP Event Helper Thread" daemon [_thread_blocked, id=14376, stack(0x0000000003160000,0x0000000003260000)]
=>0x000000001b07a800 JavaThread "JDWP Transport Listener: dt_socket" daemon [_thread_in_vm, id=180, stack(0x0000000003060000,0x0000000003160000)]
  0x000000001b072000 JavaThread "Attach Listener" daemon [_thread_blocked, id=3584, stack(0x0000000002f60000,0x0000000003060000)]
  0x000000001b071000 JavaThread "Signal Dispatcher" daemon [_thread_blocked, id=11832, stack(0x0000000002e60000,0x0000000002f60000)]
  0x00000000064fa800 JavaThread "Finalizer" daemon [_thread_blocked, id=16020, stack(0x000000001c2c0000,0x000000001c3c0000)]
  0x000000001b039800 JavaThread "Reference Handler" daemon [_thread_blocked, id=3564, stack(0x000000001c1c0000,0x000000001c2c0000)]

Other Threads:
  0x000000001b037800 VMThread [stack: 0x000000001c0c0000,0x000000001c1c0000] [id=8056]
  0x0000000003d01800 WatcherThread [stack: 0x0000000004760000,0x0000000004860000] [id=17180]

VM state:not at safepoint (normal execution)

VM Mutex/Monitor currently owned by a thread: None

Heap:
 PSYoungGen      total 299520K, used 54604K [0x00000000d5f80000, 0x00000000ea280000, 0x0000000100000000)
  eden space 287744K, 16% used [0x00000000d5f80000,0x00000000d8cf3a70,0x00000000e7880000)
  from space 11776K, 68% used [0x00000000e9700000,0x00000000e9edf7e8,0x00000000ea280000)
  to   space 21504K, 0% used [0x00000000e7880000,0x00000000e7880000,0x00000000e8d80000)
 ParOldGen       total 91648K, used 32553K [0x0000000081e00000, 0x0000000087780000, 0x00000000d5f80000)
  object space 91648K, 35% used [0x0000000081e00000,0x0000000083dca5d0,0x0000000087780000)
 Metaspace       used 50587K, capacity 53344K, committed 53632K, reserved 1095680K
  class space    used 6973K, capacity 7473K, committed 7552K, reserved 1048576K

Card table byte_map: [0x00000000158e0000,0x0000000015ce0000] byte_map_base: 0x00000000154d1000

Marking Bits: (ParMarkBitMap*) 0x0000000056044040
 Begin Bits: [0x0000000016390000, 0x0000000018318000)
 End Bits:   [0x0000000018318000, 0x000000001a2a0000)

Polling page: 0x00000000028c0000

CodeCache: size=245760Kb used=9913Kb max_used=9913Kb free=235846Kb
 bounds [0x0000000006510000, 0x0000000006ed0000, 0x0000000015510000]
 total_blobs=5296 nmethods=4793 adapters=423
 compilation: enabled

Compilation events (10 events):
Event: 3567.113 Thread 0x000000001b0a3000 4915       1       io.micrometer.shaded.org.pcollections.ConsPStack$1::<init> (38 bytes)
Event: 3567.113 Thread 0x000000001b0a3000 nmethod 4915 0x0000000006ec1c90 code [0x0000000006ec1de0, 0x0000000006ec1f68]
Event: 3567.114 Thread 0x000000001b0a3000 4916       1       io.micrometer.shaded.org.pcollections.IntTree::access$200 (5 bytes)
Event: 3567.114 Thread 0x000000001b0a3000 nmethod 4916 0x0000000006ec2050 code [0x0000000006ec21a0, 0x0000000006ec2290]
Event: 3567.114 Thread 0x000000001b0a3000 4917       1       io.micrometer.shaded.org.pcollections.ConsPStack::access$100 (5 bytes)
Event: 3567.114 Thread 0x000000001b0a3000 nmethod 4917 0x0000000006ec2310 code [0x0000000006ec2460, 0x0000000006ec2550]
Event: 3567.114 Thread 0x000000001b0a3000 4918       1       io.micrometer.shaded.org.pcollections.ConsPStack::access$200 (5 bytes)
Event: 3567.114 Thread 0x000000001b0a3000 nmethod 4918 0x0000000006ec25d0 code [0x0000000006ec2720, 0x0000000006ec2810]
Event: 3567.114 Thread 0x000000001b0a3000 4919       1       java.util.AbstractMap$SimpleImmutableEntry::getValue (5 bytes)
Event: 3567.114 Thread 0x000000001b0a3000 nmethod 4919 0x0000000006ec2890 code [0x0000000006ec29e0, 0x0000000006ec2af0]

GC Heap History (10 events):
Event: 7.410 GC heap before
{Heap before GC invocations=10 (full 1):
 PSYoungGen      total 172032K, used 172024K [0x00000000d5f80000, 0x00000000e3e00000, 0x0000000100000000)
  eden space 159744K, 100% used [0x00000000d5f80000,0x00000000dfb80000,0x00000000dfb80000)
  from space 12288K, 99% used [0x00000000e0b80000,0x00000000e177e3c0,0x00000000e1780000)
  to   space 16384K, 0% used [0x00000000dfb80000,0x00000000dfb80000,0x00000000e0b80000)
 ParOldGen       total 57344K, used 15145K [0x0000000081e00000, 0x0000000085600000, 0x00000000d5f80000)
  object space 57344K, 26% used [0x0000000081e00000,0x0000000082cca478,0x0000000085600000)
 Metaspace       used 32852K, capacity 34498K, committed 34560K, reserved 1079296K
  class space    used 4525K, capacity 4850K, committed 4864K, reserved 1048576K
Event: 7.436 GC heap after
Heap after GC invocations=10 (full 1):
 PSYoungGen      total 176128K, used 16360K [0x00000000d5f80000, 0x00000000e5400000, 0x0000000100000000)
  eden space 159744K, 0% used [0x00000000d5f80000,0x00000000d5f80000,0x00000000dfb80000)
  from space 16384K, 99% used [0x00000000dfb80000,0x00000000e0b7a1a8,0x00000000e0b80000)
  to   space 19968K, 0% used [0x00000000e4080000,0x00000000e4080000,0x00000000e5400000)
 ParOldGen       total 57344K, used 17588K [0x0000000081e00000, 0x0000000085600000, 0x00000000d5f80000)
  object space 57344K, 30% used [0x0000000081e00000,0x0000000082f2d358,0x0000000085600000)
 Metaspace       used 32852K, capacity 34498K, committed 34560K, reserved 1079296K
  class space    used 4525K, capacity 4850K, committed 4864K, reserved 1048576K
}
Event: 7.533 GC heap before
{Heap before GC invocations=11 (full 1):
 PSYoungGen      total 176128K, used 28507K [0x00000000d5f80000, 0x00000000e5400000, 0x0000000100000000)
  eden space 159744K, 7% used [0x00000000d5f80000,0x00000000d6b5cc18,0x00000000dfb80000)
  from space 16384K, 99% used [0x00000000dfb80000,0x00000000e0b7a1a8,0x00000000e0b80000)
  to   space 19968K, 0% used [0x00000000e4080000,0x00000000e4080000,0x00000000e5400000)
 ParOldGen       total 57344K, used 17588K [0x0000000081e00000, 0x0000000085600000, 0x00000000d5f80000)
  object space 57344K, 30% used [0x0000000081e00000,0x0000000082f2d358,0x0000000085600000)
 Metaspace       used 33666K, capacity 35366K, committed 35456K, reserved 1079296K
  class space    used 4611K, capacity 4960K, committed 4992K, reserved 1048576K
Event: 7.554 GC heap after
Heap after GC invocations=11 (full 1):
 PSYoungGen      total 230912K, used 5556K [0x00000000d5f80000, 0x00000000e6b80000, 0x0000000100000000)
  eden space 210944K, 0% used [0x00000000d5f80000,0x00000000d5f80000,0x00000000e2d80000)
  from space 19968K, 27% used [0x00000000e4080000,0x00000000e45ed190,0x00000000e5400000)
  to   space 19456K, 0% used [0x00000000e2d80000,0x00000000e2d80000,0x00000000e4080000)
 ParOldGen       total 57344K, used 27913K [0x0000000081e00000, 0x0000000085600000, 0x00000000d5f80000)
  object space 57344K, 48% used [0x0000000081e00000,0x00000000839424f0,0x0000000085600000)
 Metaspace       used 33666K, capacity 35366K, committed 35456K, reserved 1079296K
  class space    used 4611K, capacity 4960K, committed 4992K, reserved 1048576K
}
Event: 7.554 GC heap before
{Heap before GC invocations=12 (full 2):
 PSYoungGen      total 230912K, used 5556K [0x00000000d5f80000, 0x00000000e6b80000, 0x0000000100000000)
  eden space 210944K, 0% used [0x00000000d5f80000,0x00000000d5f80000,0x00000000e2d80000)
  from space 19968K, 27% used [0x00000000e4080000,0x00000000e45ed190,0x00000000e5400000)
  to   space 19456K, 0% used [0x00000000e2d80000,0x00000000e2d80000,0x00000000e4080000)
 ParOldGen       total 57344K, used 27913K [0x0000000081e00000, 0x0000000085600000, 0x00000000d5f80000)
  object space 57344K, 48% used [0x0000000081e00000,0x00000000839424f0,0x0000000085600000)
 Metaspace       used 33666K, capacity 35366K, committed 35456K, reserved 1079296K
  class space    used 4611K, capacity 4960K, committed 4992K, reserved 1048576K
Event: 7.697 GC heap after
Heap after GC invocations=12 (full 2):
 PSYoungGen      total 230912K, used 0K [0x00000000d5f80000, 0x00000000e6b80000, 0x0000000100000000)
  eden space 210944K, 0% used [0x00000000d5f80000,0x00000000d5f80000,0x00000000e2d80000)
  from space 19968K, 0% used [0x00000000e4080000,0x00000000e4080000,0x00000000e5400000)
  to   space 19456K, 0% used [0x00000000e2d80000,0x00000000e2d80000,0x00000000e4080000)
 ParOldGen       total 91648K, used 24097K [0x0000000081e00000, 0x0000000087780000, 0x00000000d5f80000)
  object space 91648K, 26% used [0x0000000081e00000,0x0000000083588458,0x0000000087780000)
 Metaspace       used 33666K, capacity 35366K, committed 35456K, reserved 1079296K
  class space    used 4611K, capacity 4960K, committed 4992K, reserved 1048576K
}
Event: 10.514 GC heap before
{Heap before GC invocations=13 (full 2):
 PSYoungGen      total 230912K, used 210944K [0x00000000d5f80000, 0x00000000e6b80000, 0x0000000100000000)
  eden space 210944K, 100% used [0x00000000d5f80000,0x00000000e2d80000,0x00000000e2d80000)
  from space 19968K, 0% used [0x00000000e4080000,0x00000000e4080000,0x00000000e5400000)
  to   space 19456K, 0% used [0x00000000e2d80000,0x00000000e2d80000,0x00000000e4080000)
 ParOldGen       total 91648K, used 24097K [0x0000000081e00000, 0x0000000087780000, 0x00000000d5f80000)
  object space 91648K, 26% used [0x0000000081e00000,0x0000000083588458,0x0000000087780000)
 Metaspace       used 45999K, capacity 48196K, committed 48256K, reserved 1091584K
  class space    used 6329K, capacity 6751K, committed 6784K, reserved 1048576K
Event: 10.539 GC heap after
Heap after GC invocations=13 (full 2):
 PSYoungGen      total 230400K, used 19239K [0x00000000d5f80000, 0x00000000ead00000, 0x0000000100000000)
  eden space 210944K, 0% used [0x00000000d5f80000,0x00000000d5f80000,0x00000000e2d80000)
  from space 19456K, 98% used [0x00000000e2d80000,0x00000000e4049fe8,0x00000000e4080000)
  to   space 22528K, 0% used [0x00000000e9700000,0x00000000e9700000,0x00000000ead00000)
 ParOldGen       total 91648K, used 24105K [0x0000000081e00000, 0x0000000087780000, 0x00000000d5f80000)
  object space 91648K, 26% used [0x0000000081e00000,0x000000008358a458,0x0000000087780000)
 Metaspace       used 45999K, capacity 48196K, committed 48256K, reserved 1091584K
  class space    used 6329K, capacity 6751K, committed 6784K, reserved 1048576K
}
Event: 2567.286 GC heap before
{Heap before GC invocations=14 (full 2):
 PSYoungGen      total 230400K, used 230183K [0x00000000d5f80000, 0x00000000ead00000, 0x0000000100000000)
  eden space 210944K, 100% used [0x00000000d5f80000,0x00000000e2d80000,0x00000000e2d80000)
  from space 19456K, 98% used [0x00000000e2d80000,0x00000000e4049fe8,0x00000000e4080000)
  to   space 22528K, 0% used [0x00000000e9700000,0x00000000e9700000,0x00000000ead00000)
 ParOldGen       total 91648K, used 24105K [0x0000000081e00000, 0x0000000087780000, 0x00000000d5f80000)
  object space 91648K, 26% used [0x0000000081e00000,0x000000008358a458,0x0000000087780000)
 Metaspace       used 50487K, capacity 53230K, committed 53376K, reserved 1095680K
  class space    used 6959K, capacity 7464K, committed 7552K, reserved 1048576K
Event: 2567.335 GC heap after
Heap after GC invocations=14 (full 2):
 PSYoungGen      total 299520K, used 8061K [0x00000000d5f80000, 0x00000000ea280000, 0x0000000100000000)
  eden space 287744K, 0% used [0x00000000d5f80000,0x00000000d5f80000,0x00000000e7880000)
  from space 11776K, 68% used [0x00000000e9700000,0x00000000e9edf7e8,0x00000000ea280000)
  to   space 21504K, 0% used [0x00000000e7880000,0x00000000e7880000,0x00000000e8d80000)
 ParOldGen       total 91648K, used 32553K [0x0000000081e00000, 0x0000000087780000, 0x00000000d5f80000)
  object space 91648K, 35% used [0x0000000081e00000,0x0000000083dca5d0,0x0000000087780000)
 Metaspace       used 50487K, capacity 53230K, committed 53376K, reserved 1095680K
  class space    used 6959K, capacity 7464K, committed 7552K, reserved 1048576K
}

Deoptimization events (0 events):
No events

Internal exceptions (10 events):
Event: 38.066 Thread 0x0000000003ecd800 Exception <a 'java/lang/ClassNotFoundException': java/lang/ObjectCustomizer> (0x00000000dda48de8) thrown at [C:\re\workspace\8-2-build-windows-amd64-cygwin\jdk8u45\3457\hotspot\src\share\vm\classfile\systemDictionary.cpp, line 210]
Event: 38.067 Thread 0x0000000003ecd800 Exception <a 'java/lang/ClassNotFoundException': org/springframework/web/servlet/support/AbstractFlashMapManagerCustomizer> (0x00000000dda66768) thrown at [C:\re\workspace\8-2-build-windows-amd64-cygwin\jdk8u45\3457\hotspot\src\share\vm\classfile\systemDicN^DÆ‹C@
Event: 38.069 Thread 0x0000000003ecd800 Exception <a 'java/lang/ClassNotFoundException': org/springframework/web/servlet/support/SessionFlashMapManagerCustomizer> (0x00000000dda88010) thrown at [C:\re\workspace\8-2-build-windows-amd64-cygwin\jdk8u45\3457\hotspot\src\share\vm\classfile\systemDict‡êö'	C@
Event: 38.072 Thread 0x0000000003ecd800 Exception <a 'java/lang/ClassNotFoundException': org/springframework/web/servlet/FlashMapManagerCustomizer> (0x00000000ddaa11e0) thrown at [C:\re\workspace\8-2-build-windows-amd64-cygwin\jdk8u45\3457\hotspot\src\share\vm\classfile\systemDictionary.cpp, lin¬Ωöƒ´F@
Event: 45.342 Thread 0x0000000003ecd800 Exception <a 'java/lang/reflect/InvocationTargetException'> (0x00000000de267de8) thrown at [C:\re\workspace\8-2-build-windows-amd64-cygwin\jdk8u45\3457\hotspot\src\share\vm\runtime\reflection.cpp, line 1080]
Event: 49.644 Thread 0x0000000003ecd800 Exception <a 'java/lang/ArrayIndexOutOfBoundsException'> (0x00000000de621910) thrown at [C:\re\workspace\8-2-build-windows-amd64-cygwin\jdk8u45\3457\hotspot\src\share\vm\runtime\sharedRuntime.cpp, line 605]
Event: 49.697 Thread 0x0000000003ecd800 Exception <a 'java/lang/ArrayIndexOutOfBoundsException'> (0x00000000de79f718) thrown at [C:\re\workspace\8-2-build-windows-amd64-cygwin\jdk8u45\3457\hotspot\src\share\vm\runtime\sharedRuntime.cpp, line 605]
Event: 49.731 Thread 0x0000000003ecd800 Exception <a 'java/lang/ArrayIndexOutOfBoundsException'> (0x00000000de93fae8) thrown at [C:\re\workspace\8-2-build-windows-amd64-cygwin\jdk8u45\3457\hotspot\src\share\vm\runtime\sharedRuntime.cpp, line 605]
Event: 49.739 Thread 0x0000000003ecd800 Exception <a 'java/lang/ArrayIndexOutOfBoundsException'> (0x00000000de98a5d8) thrown at [C:\re\workspace\8-2-build-windows-amd64-cygwin\jdk8u45\3457\hotspot\src\share\vm\runtime\sharedRuntime.cpp, line 605]
Event: 3567.111 Thread 0x0000000005962000 Exception <a 'java/lang/InterruptedException': sleep interrupted> (0x00000000d8934838) thrown at [C:\re\workspace\8-2-build-windows-amd64-cygwin\jdk8u45\3457\hotspot\src\share\vm\prims\jvm.cpp, line 3211]

Events (10 events):
Event: 3567.112 Thread 0x0000000005962000 DEOPT PACKING pc=0x0000000006aa4884 sp=0x000000001dabf6f0
Event: 3567.112 Thread 0x0000000005962000 DEOPT UNPACKING pc=0x000000000655787f sp=0x000000001dabf498 mode 1
Event: 3567.112 Executing VM operation: RevokeBias
Event: 3567.112 Executing VM operation: RevokeBias done
Event: 3567.112 Thread 0x0000000005962000 Thread exited: 0x0000000005962000
Event: 3567.112 Executing VM operation: RevokeBias
Event: 3567.113 Executing VM operation: RevokeBias done
Event: 3567.113 Thread 0x0000000005961000 Thread exited: 0x0000000005961000
Event: 3567.115 Executing VM operation: RevokeBias
Event: 3567.115 Executing VM operation: RevokeBias done


Dynamic libraries:
0x00007ff694250000 - 0x00007ff694287000 	C:\Program Files\Java\jre1.8.0_45\bin\javaw.exe
0x00007ffa2f310000 - 0x00007ffa2f4f1000 	C:\windows\SYSTEM32\ntdll.dll
0x00007ffa2f0e0000 - 0x00007ffa2f192000 	C:\windows\System32\KERNEL32.DLL
0x00007ffa2ba70000 - 0x00007ffa2bce3000 	C:\windows\System32\KERNELBASE.dll
0x0000000056bf0000 - 0x0000000056c85000 	C:\windows\System32\SYSFER.DLL
0x00007ffa2cbf0000 - 0x00007ffa2cc91000 	C:\windows\System32\ADVAPI32.dll
0x00007ffa2f040000 - 0x00007ffa2f0de000 	C:\windows\System32\msvcrt.dll
0x00007ffa2ea70000 - 0x00007ffa2eacb000 	C:\windows\System32\sechost.dll
0x00007ffa2f1a0000 - 0x00007ffa2f2c4000 	C:\windows\System32\RPCRT4.dll
0x00000000551c0000 - 0x00000000554db000 	C:\ProgramData\Symantec\Symantec Endpoint Protection\14.2.1023.0100.105\Data\Definitions\IPSDefs\20190404.061\IPSEng64.dll
0x00007ffa2d340000 - 0x00007ffa2d348000 	C:\windows\System32\PSAPI.DLL
0x00007ffa2cd90000 - 0x00007ffa2cf20000 	C:\windows\System32\USER32.dll
0x00007ffa2ba50000 - 0x00007ffa2ba70000 	C:\windows\System32\win32u.dll
0x00007ffa2ead0000 - 0x00007ffa2eaf8000 	C:\windows\System32\GDI32.dll
0x00007ffa2c5b0000 - 0x00007ffa2c742000 	C:\windows\System32\gdi32full.dll
0x00007ffa2bcf0000 - 0x00007ffa2bd8f000 	C:\windows\System32\msvcp_win.dll
0x00007ffa2b950000 - 0x00007ffa2ba48000 	C:\windows\System32\ucrtbase.dll
0x00007ffa1d690000 - 0x00007ffa1d8f9000 	C:\windows\WinSxS\amd64_microsoft.windows.common-controls_6595b64144ccf1df_6.0.17134.648_none_fb45a0e93062a6d2\COMCTL32.dll
0x00007ffa2d010000 - 0x00007ffa2d332000 	C:\windows\System32\combase.dll
0x00007ffa2b6e0000 - 0x00007ffa2b75a000 	C:\windows\System32\bcryptPrimitives.dll
0x00007ffa2ea40000 - 0x00007ffa2ea6d000 	C:\windows\System32\IMM32.DLL
0x0000000055760000 - 0x0000000055832000 	C:\Program Files\Java\jre1.8.0_45\bin\msvcr100.dll
0x0000000055840000 - 0x00000000560c3000 	C:\Program Files\Java\jre1.8.0_45\bin\server\jvm.dll
0x00007ffa18ce0000 - 0x00007ffa18ce9000 	C:\windows\SYSTEM32\WSOCK32.dll
0x00007ffa2eb10000 - 0x00007ffa2eb7c000 	C:\windows\System32\WS2_32.dll
0x00007ffa290f0000 - 0x00007ffa29113000 	C:\windows\SYSTEM32\WINMM.dll
0x00007ffa18700000 - 0x00007ffa1870a000 	C:\windows\SYSTEM32\VERSION.dll
0x00007ffa290c0000 - 0x00007ffa290ea000 	C:\windows\SYSTEM32\WINMMBASE.dll
0x00007ffa2c750000 - 0x00007ffa2c799000 	C:\windows\System32\cfgmgr32.dll
0x0000000055750000 - 0x000000005575f000 	C:\Program Files\Java\jre1.8.0_45\bin\verify.dll
0x0000000055720000 - 0x0000000055749000 	C:\Program Files\Java\jre1.8.0_45\bin\java.dll
0x0000000055180000 - 0x00000000551b5000 	C:\Program Files\Java\jre1.8.0_45\bin\jdwp.dll
0x0000000055170000 - 0x0000000055178000 	C:\Program Files\Java\jre1.8.0_45\bin\npt.dll
0x0000000055700000 - 0x0000000055716000 	C:\Program Files\Java\jre1.8.0_45\bin\zip.dll
0x00007ffa0ee70000 - 0x00007ffa0eed6000 	C:\Program Files\Manufacturer\Endpoint Agent\clpbm64.dll
0x00007ffa2d350000 - 0x00007ffa2d4a1000 	C:\windows\System32\ole32.dll
0x00007ffa21410000 - 0x00007ffa2141c000 	C:\windows\SYSTEM32\Secur32.dll
0x00007ffa18f80000 - 0x00007ffa19026000 	C:\windows\SYSTEM32\MSVCP120.dll
0x00007ffa1d380000 - 0x00007ffa1d46f000 	C:\windows\SYSTEM32\MSVCR120.dll
0x00007ffa2b550000 - 0x00007ffa2b580000 	C:\windows\SYSTEM32\SSPICLI.DLL
0x00007ffa2d4b0000 - 0x00007ffa2e8f0000 	C:\windows\System32\SHELL32.dll
0x00007ffa2e8f0000 - 0x00007ffa2e999000 	C:\windows\System32\shcore.dll
0x00007ffa2bd90000 - 0x00007ffa2c49d000 	C:\windows\System32\windows.storage.dll
0x00007ffa2ed00000 - 0x00007ffa2ed51000 	C:\windows\System32\shlwapi.dll
0x00007ffa2b6c0000 - 0x00007ffa2b6d1000 	C:\windows\System32\kernel.appcore.dll
0x00007ffa2b680000 - 0x00007ffa2b69f000 	C:\windows\System32\profapi.dll
0x00007ffa2b630000 - 0x00007ffa2b67c000 	C:\windows\System32\powrprof.dll
0x00007ffa2b620000 - 0x00007ffa2b62a000 	C:\windows\System32\FLTLIB.DLL
0x00007ffa0dd10000 - 0x00007ffa0dd7a000 	C:\Program Files\Manufacturer\Endpoint Agent\prntm64.dll
0x00007ffa2ccc0000 - 0x00007ffa2cd83000 	C:\windows\System32\OLEAUT32.dll
0x00007ffa225f0000 - 0x00007ffa22675000 	C:\windows\SYSTEM32\WINSPOOL.DRV
0x00007ffa271f0000 - 0x00007ffa273a4000 	C:\windows\SYSTEM32\PROPSYS.dll
0x00007ffa2abc0000 - 0x00007ffa2abf8000 	C:\windows\SYSTEM32\IPHLPAPI.DLL
0x00007ffa2b180000 - 0x00007ffa2b1a5000 	C:\windows\SYSTEM32\bcrypt.dll
0x0000000055160000 - 0x0000000055169000 	C:\Program Files\Java\jre1.8.0_45\bin\dt_socket.dll
0x00007ffa166f0000 - 0x00007ffa16706000 	C:\windows\system32\napinsp.dll
0x00007ffa165b0000 - 0x00007ffa165ca000 	C:\windows\system32\pnrpnsp.dll
0x00007ffa28d70000 - 0x00007ffa28d89000 	C:\windows\system32\NLAapi.dll
0x00007ffa2ae40000 - 0x00007ffa2aea6000 	C:\windows\System32\mswsock.dll
0x00007ffa2ac00000 - 0x00007ffa2acbe000 	C:\windows\SYSTEM32\DNSAPI.dll
0x00007ffa2f2d0000 - 0x00007ffa2f2d8000 	C:\windows\System32\NSI.dll
0x00007ffa165a0000 - 0x00007ffa165ae000 	C:\windows\System32\winrnr.dll
0x00007ffa21a40000 - 0x00007ffa21a55000 	C:\windows\System32\wshbth.dll
0x00007ffa266d0000 - 0x00007ffa26742000 	C:\windows\System32\fwpuclnt.dll
0x00007ffa1dee0000 - 0x00007ffa1deea000 	C:\Windows\System32\rasadhlp.dll
0x0000000055150000 - 0x000000005515d000 	C:\Program Files\Java\jre1.8.0_45\bin\management.dll
0x00000000556e0000 - 0x00000000556fa000 	C:\Program Files\Java\jre1.8.0_45\bin\net.dll
0x00000000556c0000 - 0x00000000556d1000 	C:\Program Files\Java\jre1.8.0_45\bin\nio.dll
0x00007ffa2aff0000 - 0x00007ffa2b007000 	C:\windows\SYSTEM32\CRYPTSP.dll
0x00007ffa2a7f0000 - 0x00007ffa2a823000 	C:\windows\system32\rsaenh.dll
0x00007ffa2b520000 - 0x00007ffa2b548000 	C:\windows\SYSTEM32\USERENV.dll
0x00007ffa2b010000 - 0x00007ffa2b01b000 	C:\windows\SYSTEM32\CRYPTBASE.dll
0x00007ffa252f0000 - 0x00007ffa25306000 	C:\windows\SYSTEM32\dhcpcsvc6.DLL
0x00007ffa24370000 - 0x00007ffa2438a000 	C:\windows\SYSTEM32\dhcpcsvc.DLL
0x00007ffa18740000 - 0x00007ffa18909000 	C:\windows\SYSTEM32\dbghelp.dll

VM Arguments:
jvm_args: -agentlib:jdwp=transport=dt_socket,suspend=y,address=localhost:62530 -Dcom.sun.management.jmxremote -Dcom.sun.management.jmxremote.port=62529 -Dcom.sun.management.jmxremote.authenticate=false -Dcom.sun.management.jmxremote.ssl=false -Djava.rmi.server.hostname=localhost -Dspring.jmx.enabled=true -Dspring.liveBeansView.mbeanDomain -Dspring.application.admin.enabled=true -Xverify:none -XX:TieredStopAtLevel=1 -Dfile.encoding=UTF-8 
java_command: com.example.demo.DemoApplication --spring.output.ansi.enabled=always
java_class_path (initial): C:\Gurmanjit Kaur\Workspace\STS\demo\target\classes;C:\Users\m1037484\.m2\repository\org\springframework\boot\spring-boot-starter-data-jpa\2.1.3.RELEASE\spring-boot-starter-data-jpa-2.1.3.RELEASE.jar;C:\Users\m1037484\.m2\repository\org\springframework\boot\spring-boot-starter-aop\2.1.3.RELEASE\spring-boot-starter-aop-2.1.3.RELEASE.jar;C:\Users\m1037484\.m2\repository\org\springframework\spring-aop\5.1.5.RELEASE\spring-aop-5.1.5.RELEASE.jar;C:\Users\m1037484\.m2\repository\org\aspectj\aspectjweaver\1.9.2\aspectjweaver-1.9.2.jar;C:\Users\m1037484\.m2\repository\org\springframework\boot\spring-boot-starter-jdbc\2.1.3.RELEASE\spring-boot-starter-jdbc-2.1.3.RELEASE.jar;C:\Users\m1037484\.m2\repository\com\zaxxer\HikariCP\3.2.0\HikariCP-3.2.0.jar;C:\Users\m1037484\.m2\repository\org\springframework\spring-jdbc\5.1.5.RELEASE\spring-jdbc-5.1.5.RELEASE.jar;C:\Users\m1037484\.m2\repository\javax\transaction\javax.transaction-api\1.3\javax.transaction-api-1.3.jar;C:\Users\m1037484\.m2\repository\javax\xml\bind\jaxb-api\2.3.1\jaxb-api-2.3.1.jar;C:\Users\m1037484\.m2\repository\javax\activation\javax.activation-api\1.2.0\javax.activation-api-1.2.0.jar;C:\Users\m1037484\.m2\repository\org\hibernate\hibernate-core\5.3.7.Final\hibernate-core-5.3.7.Final.jar;C:\Users\m1037484\.m2\repository\org\jboss\logging\jboss-logging\3.3.2.Final\jboss-logging-3.3.2.Final.jar;C:\Users\m1037484\.m2\repository\javax\persistence\javax.persistence-api\2.2\javax.persistence-api-2.2.jar;C:\Users\m1037484\.m2\repository\org\javassist\javassist\3.23.1-GA\javassist-3.23.1-GA.jar;C:\Users\m1037484\.m2\repository\net\bytebuddy\byte-buddy\1.9.10\byte-buddy-1.9.10.jar;C:\Users\m1037484\.m2\repository\antlr\antlr\2.7.7\antlr-2.7.7.jar;C:\Users\m1037484\.m2\repository\org\jboss\jandex\2.0.5.Final\jandex-2.0.5.Final.jar;C:\Users\m1037484\.m2\repository\com\fasterxml\classmate\1.4.0\classmate-1.4.0.jar;C:\Users\m1037484\.m2\repository\org\dom4j\dom4j\2.1.1\dom4j-2.1.1.jar;C:\Users\m
Launcher Type: SUN_STANDARD

Environment Variables:
JAVA_HOME=C:\Program Files\Java\jdk-11.0.2
PATH=C:/Program Files/Java/jre1.8.0_45/bin/server;C:/Program Files/Java/jre1.8.0_45/bin;C:/Program Files/Java/jre1.8.0_45/lib/amd64;C:\ProgramData\Oracle\Java\javapath;C:\Program Files (x86)\Common Files\Oracle\Java\javapath;C:\windows\system32;C:\windows;C:\windows\System32\Wbem;C:\windows\System32\WindowsPowerShell\v1.0\;C:\windows\System32\OpenSSH\;C:\Program Files\Git\cmd;C:\Program Files\TortoiseGit\bin;C:\Program Files\PuTTY\;"C:\Users\m1037484\AppData\Local\Microsoft\WindowsApps;C:\Program Files\Java\jdk-11.0.2\bin";;C:\Gurmanjit Kaur\Softwares\Editors\spring-tool-suite-3.9.8.RELEASE-e4.11.0-win32-x86_64\sts-bundle\sts-3.9.8.RELEASE;
USERNAME=M1037484
OS=Windows_NT
PROCESSOR_IDENTIFIER=Intel64 Family 6 Model 61 Stepping 4, GenuineIntel



---------------  S Y S T E M  ---------------

OS: Windows 10.0 , 64 bit Build 17134 (10.0.17134.648)

CPU:total 4 (2 cores per cpu, 2 threads per core) family 6 model 61 stepping 4, cmov, cx8, fxsr, mmx, sse, sse2, sse3, ssse3, sse4.1, sse4.2, popcnt, avx, avx2, aes, clmul, erms, 3dnowpref, lzcnt, ht, tsc, tscinvbit, bmi1, bmi2, adx

Memory: 4k page, physical 8260700k(3303564k free), swap 11799644k(5069524k free)

vm_info: Java HotSpot(TM) 64-Bit Server VM (25.45-b02) for windows-amd64 JRE (1.8.0_45-b14), built on Apr 10 2015 10:34:15 by "java_re" with MS VC++ 10.0 (VS2010)

time: Fri Apr 05 17:47:20 2019
elapsed time: 3567 seconds (0d 0h 59m 27s)

